AABB|1590827717
BoundingBoxComponent|1590827717
Camera|1591333454
Component|1591472618
CPUBuffers|1590827717
CullingOptions|1590827717
CurlRequest|1590827717
DataInspectorTool|1590827717
DebugRenderer|1590827717
DefaultTextureHolder|1591329968
DisplayOptions|1591319765
Editor|1591330623
EditorOptions|1591475817
EditorTool|1590827717
EngineSettings|1591474377
EngineStats|1590827717
Entity|1591472282
Framebuffer|1590827717
GL|1590827717
GUI|1590827717
Heightfield|1590827717
ImguiManager|1590827717
ImguiPointerDisplay|1590827717
InputHandler|1590827717
LXObject|1590827717
MainWindow|1590827717
Material|1590827717
MaterialTool|1590827717
Mesh|1590827717
Model|1590827717
Node|1590827717
ObjectTool|1590827717
OSMAttribute|1590827717
OSMDataProcessor|1591474258
OSMDataProcessorSettings|1591478472
OSMElement|1590827717
OSMElementComponent|1591311146
OSMElementTypeData|1590827717
OSMElementTypeDataStore|1590827717
OSMTool|1591311118
PickingTool|1590827717
PostEffects|1590827717
RenderDataManager|1591330616
renderer|1591330578
RenderingStats|1590827717
Sector|1590827717
SectorGraphicalData|1590827717
SectorTool|1591048458
Serializer2|1590827717
SerializerInputVariable|1590827717
SunLight|1590827717
TerrainTool|1590827717
TestComponentA|1590827717
TestComponentB|1590827717
Texture|1590827717
Visual|1591472599
Way|1590827717
World|1590827717
LightingOptions|1591043284
GFXUniformGroup|1591642266
GFXUniformDescription|1591631840
